[tune_gru] device=cpu trials=60 max_epochs=80 patience=10
[tune_gru] trial=001/060 score=0.051522 val_mae=0.033375 val_rmse=0.043118 val_dir=0.4825 epochs=30 best=0.051522
[tune_gru] trial=002/060 score=0.053985 val_mae=0.033960 val_rmse=0.044190 val_dir=0.4175 epochs=15 best=0.051522
[tune_gru] trial=003/060 score=0.051438 val_mae=0.032403 val_rmse=0.043232 val_dir=0.5050 epochs=18 best=0.051438
[tune_gru] trial=004/060 score=0.050315 val_mae=0.032336 val_rmse=0.042466 val_dir=0.5050 epochs=19 best=0.050315
[tune_gru] trial=005/060 score=0.051711 val_mae=0.032978 val_rmse=0.043303 val_dir=0.4925 epochs=19 best=0.050315
[tune_gru] trial=006/060 score=0.051142 val_mae=0.032098 val_rmse=0.042369 val_dir=0.4350 epochs=27 best=0.050315
[tune_gru] trial=007/060 score=0.053011 val_mae=0.033704 val_rmse=0.044454 val_dir=0.5425 epochs=13 best=0.050315
[tune_gru] trial=008/060 score=0.052939 val_mae=0.033096 val_rmse=0.043964 val_dir=0.4775 epochs=16 best=0.050315
[tune_gru] trial=009/060 score=0.050187 val_mae=0.032031 val_rmse=0.042042 val_dir=0.4325 epochs=18 best=0.050187
[tune_gru] trial=010/060 score=0.050229 val_mae=0.031622 val_rmse=0.042133 val_dir=0.4600 epochs=14 best=0.050187
[tune_gru] trial=011/060 score=0.048946 val_mae=0.032084 val_rmse=0.041942 val_dir=0.5550 epochs=21 best=0.048946
[tune_gru] trial=012/060 score=0.050725 val_mae=0.032161 val_rmse=0.042708 val_dir=0.5000 epochs=17 best=0.048946
[tune_gru] trial=013/060 score=0.052191 val_mae=0.033251 val_rmse=0.043949 val_dir=0.5450 epochs=13 best=0.048946
[tune_gru] trial=014/060 score=0.050286 val_mae=0.031962 val_rmse=0.042325 val_dir=0.4950 epochs=12 best=0.048946
[tune_gru] trial=015/060 score=0.052027 val_mae=0.032383 val_rmse=0.042963 val_dir=0.4875 epochs=24 best=0.048946
[tune_gru] trial=016/060 score=0.053877 val_mae=0.032248 val_rmse=0.042943 val_dir=0.4250 epochs=34 best=0.048946
[tune_gru] trial=017/060 score=0.050371 val_mae=0.032139 val_rmse=0.042266 val_dir=0.4850 epochs=16 best=0.048946
[tune_gru] trial=018/060 score=0.054101 val_mae=0.033077 val_rmse=0.044091 val_dir=0.3775 epochs=17 best=0.048946
[tune_gru] trial=019/060 score=0.052379 val_mae=0.033338 val_rmse=0.044036 val_dir=0.5475 epochs=19 best=0.048946
[tune_gru] trial=020/060 score=0.050743 val_mae=0.032309 val_rmse=0.042298 val_dir=0.4250 epochs=20 best=0.048946
[tune_gru] trial=021/060 score=0.050288 val_mae=0.032498 val_rmse=0.042146 val_dir=0.4675 epochs=21 best=0.048946
[tune_gru] trial=022/060 score=0.052066 val_mae=0.033042 val_rmse=0.043728 val_dir=0.5400 epochs=28 best=0.048946
[tune_gru] trial=023/060 score=0.050958 val_mae=0.032469 val_rmse=0.042849 val_dir=0.5300 epochs=20 best=0.048946
[tune_gru] trial=024/060 score=0.053558 val_mae=0.032560 val_rmse=0.043467 val_dir=0.5000 epochs=26 best=0.048946
[tune_gru] trial=025/060 score=0.052231 val_mae=0.032781 val_rmse=0.043637 val_dir=0.5475 epochs=16 best=0.048946
[tune_gru] trial=026/060 score=0.052769 val_mae=0.033341 val_rmse=0.044373 val_dir=0.5475 epochs=19 best=0.048946
[tune_gru] trial=027/060 score=0.051508 val_mae=0.032733 val_rmse=0.042878 val_dir=0.4625 epochs=18 best=0.048946
[tune_gru] trial=028/060 score=0.048798 val_mae=0.031622 val_rmse=0.041017 val_dir=0.4475 epochs=21 best=0.048798
[tune_gru] trial=029/060 score=0.055370 val_mae=0.033866 val_rmse=0.044852 val_dir=0.3475 epochs=19 best=0.048798
[tune_gru] trial=030/060 score=0.052472 val_mae=0.033260 val_rmse=0.043604 val_dir=0.4900 epochs=31 best=0.048798
[tune_gru] trial=031/060 score=0.053275 val_mae=0.033335 val_rmse=0.044171 val_dir=0.4800 epochs=11 best=0.048798
[tune_gru] trial=032/060 score=0.049733 val_mae=0.032375 val_rmse=0.042104 val_dir=0.5200 epochs=30 best=0.048798
[tune_gru] trial=033/060 score=0.053468 val_mae=0.033667 val_rmse=0.044917 val_dir=0.5375 epochs=13 best=0.048798
[tune_gru] trial=034/060 score=0.050663 val_mae=0.032280 val_rmse=0.042322 val_dir=0.4575 epochs=19 best=0.048798
[tune_gru] trial=035/060 score=0.049413 val_mae=0.032052 val_rmse=0.041623 val_dir=0.4850 epochs=27 best=0.048798
[tune_gru] trial=036/060 score=0.051828 val_mae=0.032372 val_rmse=0.043252 val_dir=0.4800 epochs=16 best=0.048798
[tune_gru] trial=037/060 score=0.052695 val_mae=0.033143 val_rmse=0.044065 val_dir=0.5150 epochs=36 best=0.048798
[tune_gru] trial=038/060 score=0.053856 val_mae=0.034047 val_rmse=0.045348 val_dir=0.5450 epochs=11 best=0.048798
[tune_gru] trial=039/060 score=0.052922 val_mae=0.032832 val_rmse=0.043937 val_dir=0.4500 epochs=12 best=0.048798
[tune_gru] trial=040/060 score=0.052478 val_mae=0.034131 val_rmse=0.044025 val_dir=0.4675 epochs=20 best=0.048798
[tune_gru] trial=041/060 score=0.052171 val_mae=0.032963 val_rmse=0.044038 val_dir=0.5500 epochs=15 best=0.048798
[tune_gru] trial=042/060 score=0.049943 val_mae=0.032073 val_rmse=0.041872 val_dir=0.4700 epochs=28 best=0.048798
[tune_gru] trial=043/060 score=0.051211 val_mae=0.032470 val_rmse=0.043290 val_dir=0.5400 epochs=27 best=0.048798
[tune_gru] trial=044/060 score=0.054005 val_mae=0.033644 val_rmse=0.045200 val_dir=0.5050 epochs=12 best=0.048798
[tune_gru] trial=045/060 score=0.051482 val_mae=0.032656 val_rmse=0.043082 val_dir=0.4925 epochs=25 best=0.048798
[tune_gru] trial=046/060 score=0.052096 val_mae=0.032809 val_rmse=0.043337 val_dir=0.4650 epochs=38 best=0.048798
[tune_gru] trial=047/060 score=0.051226 val_mae=0.032231 val_rmse=0.042750 val_dir=0.4700 epochs=30 best=0.048798
[tune_gru] trial=048/060 score=0.050123 val_mae=0.032033 val_rmse=0.042190 val_dir=0.4775 epochs=30 best=0.048798
[tune_gru] trial=049/060 score=0.051554 val_mae=0.033042 val_rmse=0.042962 val_dir=0.4700 epochs=19 best=0.048798
[tune_gru] trial=050/060 score=0.052054 val_mae=0.032354 val_rmse=0.042898 val_dir=0.4075 epochs=32 best=0.048798
[tune_gru] trial=051/060 score=0.050706 val_mae=0.032647 val_rmse=0.042716 val_dir=0.4875 epochs=19 best=0.048798
[tune_gru] trial=052/060 score=0.052444 val_mae=0.033093 val_rmse=0.044103 val_dir=0.5300 epochs=12 best=0.048798
[tune_gru] trial=053/060 score=0.052453 val_mae=0.032534 val_rmse=0.043439 val_dir=0.4300 epochs=11 best=0.048798
[tune_gru] trial=054/060 score=0.050639 val_mae=0.031854 val_rmse=0.042046 val_dir=0.3925 epochs=28 best=0.048798
[tune_gru] trial=055/060 score=0.053049 val_mae=0.033610 val_rmse=0.044440 val_dir=0.5300 epochs=14 best=0.048798
[tune_gru] trial=056/060 score=0.052745 val_mae=0.032757 val_rmse=0.043469 val_dir=0.4200 epochs=17 best=0.048798
[tune_gru] trial=057/060 score=0.050325 val_mae=0.032504 val_rmse=0.042442 val_dir=0.4900 epochs=15 best=0.048798
[tune_gru] trial=058/060 score=0.052514 val_mae=0.033353 val_rmse=0.043791 val_dir=0.5025 epochs=44 best=0.048798
[tune_gru] trial=059/060 score=0.051314 val_mae=0.032469 val_rmse=0.043047 val_dir=0.5025 epochs=20 best=0.048798
[tune_gru] trial=060/060 score=0.052856 val_mae=0.032977 val_rmse=0.043967 val_dir=0.4800 epochs=13 best=0.048798
[tune_gru] best validation config:
{
  "sequence_length": 10,
  "include_current_row": true,
  "hidden_size": 48,
  "num_layers": 3,
  "classifier_hidden": 32,
  "head_layers": 1,
  "bidirectional": false,
  "gru_dropout": 0.0,
  "fc_dropout": 0.3,
  "activation_name": "relu",
  "pooling_name": "last_mean",
  "use_layer_norm": false,
  "gru_bias": true,
  "learning_rate": 0.001,
  "weight_decay": 1e-06,
  "batch_size": 64,
  "loss_name": "mae",
  "smooth_l1_beta": 0.05,
  "optimizer_name": "adamw",
  "gradient_clip": 0.5,
  "scale_target": true,
  "seed": 42,
  "val_mae": 0.03162204846739769,
  "val_rmse": 0.04101714914759761,
  "val_directional_accuracy": 0.4475,
  "val_directional_baseline_accuracy": 0.5475,
  "val_directional_lift": -0.09999999999999998,
  "val_correlation": 0.281157277696909,
  "val_prediction_mean": 0.008931159041821957,
  "val_prediction_std": 0.01628189906477928,
  "selection_score": 0.048798032153659396,
  "epochs_ran": 21,
  "trial": 28,
  "seconds": 9.727
}
[tune_gru] final test metrics:
{
  "mae": 0.04758848994970322,
  "rmse": 0.06547546920118485,
  "directional_accuracy": 0.33949579831932775,
  "directional_baseline_accuracy": 0.5025210084033613,
  "directional_lift": -0.1630252100840336,
  "correlation": 0.08378576509246737,
  "prediction_mean": 0.009296528063714504,
  "prediction_std": 0.015287188813090324
}
[tune_gru] wrote reports\final\gru_combined_tuned_2020-01-01_to_2022-02-28_v6_purged_warmtech_finetuned_finbert_sentiment_search.csv
[tune_gru] wrote reports\final\gru_combined_tuned_2020-01-01_to_2022-02-28_v6_purged_warmtech_finetuned_finbert_sentiment_best.json
[tune_gru] wrote reports\final\gru_combined_tuned_2020-01-01_to_2022-02-28_v6_purged_warmtech_finetuned_finbert_sentiment_predictions.csv
[tune_gru] wrote model_checkpoints\final\gru_combined_tuned_2020-01-01_to_2022-02-28_v6_purged_warmtech_finetuned_finbert_sentiment_best.pt
