[tune_gru] device=cpu trials=60 max_epochs=80 patience=10
[tune_gru] trial=001/060 score=0.051929 val_mae=0.032160 val_rmse=0.042671 val_dir=0.3825 epochs=23 best=0.051929
[tune_gru] trial=002/060 score=0.051105 val_mae=0.031885 val_rmse=0.042527 val_dir=0.4350 epochs=14 best=0.051105
[tune_gru] trial=003/060 score=0.051119 val_mae=0.032603 val_rmse=0.042812 val_dir=0.4650 epochs=40 best=0.051105
[tune_gru] trial=004/060 score=0.051039 val_mae=0.032303 val_rmse=0.042594 val_dir=0.4675 epochs=19 best=0.051039
[tune_gru] trial=005/060 score=0.049590 val_mae=0.031662 val_rmse=0.042056 val_dir=0.5125 epochs=22 best=0.049590
[tune_gru] trial=006/060 score=0.050397 val_mae=0.032274 val_rmse=0.042589 val_dir=0.5150 epochs=23 best=0.049590
[tune_gru] trial=007/060 score=0.052742 val_mae=0.033999 val_rmse=0.043887 val_dir=0.4950 epochs=13 best=0.049590
[tune_gru] trial=008/060 score=0.050667 val_mae=0.033179 val_rmse=0.042722 val_dir=0.5375 epochs=17 best=0.049590
[tune_gru] trial=009/060 score=0.052281 val_mae=0.032453 val_rmse=0.042943 val_dir=0.3925 epochs=15 best=0.049590
[tune_gru] trial=010/060 score=0.049734 val_mae=0.032071 val_rmse=0.041960 val_dir=0.5000 epochs=18 best=0.049590
[tune_gru] trial=011/060 score=0.050131 val_mae=0.031982 val_rmse=0.042639 val_dir=0.5225 epochs=22 best=0.049590
[tune_gru] trial=012/060 score=0.047676 val_mae=0.031218 val_rmse=0.040821 val_dir=0.5325 epochs=19 best=0.047676
[tune_gru] trial=013/060 score=0.052474 val_mae=0.033301 val_rmse=0.043497 val_dir=0.4725 epochs=17 best=0.047676
[tune_gru] trial=014/060 score=0.050432 val_mae=0.032061 val_rmse=0.042220 val_dir=0.4625 epochs=13 best=0.047676
[tune_gru] trial=015/060 score=0.049759 val_mae=0.031466 val_rmse=0.041780 val_dir=0.4550 epochs=62 best=0.047676
[tune_gru] trial=016/060 score=0.064471 val_mae=0.031535 val_rmse=0.041817 val_dir=0.5300 epochs=34 best=0.047676
[tune_gru] trial=017/060 score=0.050634 val_mae=0.032525 val_rmse=0.042510 val_dir=0.4975 epochs=21 best=0.047676
[tune_gru] trial=018/060 score=0.059316 val_mae=0.034196 val_rmse=0.044397 val_dir=0.4325 epochs=11 best=0.047676
[tune_gru] trial=019/060 score=0.051239 val_mae=0.033080 val_rmse=0.043046 val_dir=0.5225 epochs=27 best=0.047676
[tune_gru] trial=020/060 score=0.049363 val_mae=0.031655 val_rmse=0.041695 val_dir=0.4925 epochs=12 best=0.047676
[tune_gru] trial=021/060 score=0.051436 val_mae=0.032837 val_rmse=0.042923 val_dir=0.4750 epochs=19 best=0.047676
[tune_gru] trial=022/060 score=0.052206 val_mae=0.033051 val_rmse=0.043189 val_dir=0.4500 epochs=42 best=0.047676
[tune_gru] trial=023/060 score=0.053054 val_mae=0.032637 val_rmse=0.043413 val_dir=0.3650 epochs=18 best=0.047676
[tune_gru] trial=024/060 score=0.053010 val_mae=0.033170 val_rmse=0.043670 val_dir=0.4300 epochs=32 best=0.047676
[tune_gru] trial=025/060 score=0.051407 val_mae=0.033040 val_rmse=0.042877 val_dir=0.4800 epochs=31 best=0.047676
[tune_gru] trial=026/060 score=0.059074 val_mae=0.033110 val_rmse=0.043568 val_dir=0.5450 epochs=51 best=0.047676
[tune_gru] trial=027/060 score=0.049601 val_mae=0.031748 val_rmse=0.041518 val_dir=0.4350 epochs=36 best=0.047676
[tune_gru] trial=028/060 score=0.052579 val_mae=0.033031 val_rmse=0.043333 val_dir=0.4175 epochs=18 best=0.047676
[tune_gru] trial=029/060 score=0.051993 val_mae=0.033328 val_rmse=0.043009 val_dir=0.4475 epochs=28 best=0.047676
[tune_gru] trial=030/060 score=0.052050 val_mae=0.033024 val_rmse=0.043208 val_dir=0.4725 epochs=38 best=0.047676
[tune_gru] trial=031/060 score=0.052234 val_mae=0.032445 val_rmse=0.042707 val_dir=0.5025 epochs=12 best=0.047676
[tune_gru] trial=032/060 score=0.051552 val_mae=0.033172 val_rmse=0.043408 val_dir=0.5325 epochs=13 best=0.047676
[tune_gru] trial=033/060 score=0.052587 val_mae=0.033229 val_rmse=0.043206 val_dir=0.4775 epochs=18 best=0.047676
[tune_gru] trial=034/060 score=0.050676 val_mae=0.032134 val_rmse=0.042385 val_dir=0.4700 epochs=22 best=0.047676
[tune_gru] trial=035/060 score=0.050751 val_mae=0.032324 val_rmse=0.042532 val_dir=0.4850 epochs=20 best=0.047676
[tune_gru] trial=036/060 score=0.049110 val_mae=0.031391 val_rmse=0.041485 val_dir=0.5025 epochs=18 best=0.047676
[tune_gru] trial=037/060 score=0.068071 val_mae=0.031673 val_rmse=0.041913 val_dir=0.5475 epochs=26 best=0.047676
[tune_gru] trial=038/060 score=0.051151 val_mae=0.034283 val_rmse=0.043306 val_dir=0.5200 epochs=15 best=0.047676
[tune_gru] trial=039/060 score=0.052144 val_mae=0.032933 val_rmse=0.043035 val_dir=0.4125 epochs=28 best=0.047676
[tune_gru] trial=040/060 score=0.051252 val_mae=0.032770 val_rmse=0.042798 val_dir=0.4725 epochs=16 best=0.047676
[tune_gru] trial=041/060 score=0.050488 val_mae=0.032687 val_rmse=0.042423 val_dir=0.4950 epochs=48 best=0.047676
[tune_gru] trial=042/060 score=0.049624 val_mae=0.032239 val_rmse=0.042034 val_dir=0.5025 epochs=42 best=0.047676
[tune_gru] trial=043/060 score=0.064422 val_mae=0.033545 val_rmse=0.043972 val_dir=0.5475 epochs=12 best=0.047676
[tune_gru] trial=044/060 score=0.052326 val_mae=0.032385 val_rmse=0.042837 val_dir=0.3750 epochs=18 best=0.047676
[tune_gru] trial=045/060 score=0.052742 val_mae=0.031764 val_rmse=0.042171 val_dir=0.4275 epochs=26 best=0.047676
[tune_gru] trial=046/060 score=0.050313 val_mae=0.032007 val_rmse=0.042141 val_dir=0.4650 epochs=69 best=0.047676
[tune_gru] trial=047/060 score=0.050572 val_mae=0.031719 val_rmse=0.042170 val_dir=0.4350 epochs=46 best=0.047676
[tune_gru] trial=048/060 score=0.051146 val_mae=0.032268 val_rmse=0.042827 val_dir=0.4825 epochs=22 best=0.047676
[tune_gru] trial=049/060 score=0.051829 val_mae=0.032420 val_rmse=0.042750 val_dir=0.4075 epochs=18 best=0.047676
[tune_gru] trial=050/060 score=0.051313 val_mae=0.032120 val_rmse=0.042670 val_dir=0.4400 epochs=61 best=0.047676
[tune_gru] trial=051/060 score=0.050600 val_mae=0.032284 val_rmse=0.042309 val_dir=0.4675 epochs=19 best=0.047676
[tune_gru] trial=052/060 score=0.051440 val_mae=0.032385 val_rmse=0.042499 val_dir=0.4550 epochs=15 best=0.047676
[tune_gru] trial=053/060 score=0.050912 val_mae=0.032715 val_rmse=0.042761 val_dir=0.4875 epochs=19 best=0.047676
[tune_gru] trial=054/060 score=0.051894 val_mae=0.033201 val_rmse=0.043493 val_dir=0.5200 epochs=17 best=0.047676
[tune_gru] trial=055/060 score=0.051056 val_mae=0.033332 val_rmse=0.042821 val_dir=0.4975 epochs=28 best=0.047676
[tune_gru] trial=056/060 score=0.051217 val_mae=0.032763 val_rmse=0.042944 val_dir=0.4600 epochs=28 best=0.047676
[tune_gru] trial=057/060 score=0.051200 val_mae=0.032291 val_rmse=0.042635 val_dir=0.4525 epochs=14 best=0.047676
[tune_gru] trial=058/060 score=0.052933 val_mae=0.032863 val_rmse=0.043408 val_dir=0.4250 epochs=76 best=0.047676
[tune_gru] trial=059/060 score=0.063866 val_mae=0.031937 val_rmse=0.042323 val_dir=0.5050 epochs=19 best=0.047676
[tune_gru] trial=060/060 score=0.051291 val_mae=0.032517 val_rmse=0.042652 val_dir=0.4550 epochs=17 best=0.047676
[tune_gru] best validation config:
{
  "sequence_length": 20,
  "include_current_row": true,
  "hidden_size": 64,
  "num_layers": 1,
  "classifier_hidden": 16,
  "head_layers": 2,
  "bidirectional": false,
  "gru_dropout": 0.0,
  "fc_dropout": 0.3,
  "activation_name": "relu",
  "pooling_name": "mean",
  "use_layer_norm": true,
  "gru_bias": true,
  "learning_rate": 0.0003,
  "weight_decay": 1e-05,
  "batch_size": 16,
  "loss_name": "mse",
  "smooth_l1_beta": 0.05,
  "optimizer_name": "adam",
  "gradient_clip": 1.0,
  "scale_target": true,
  "seed": 42,
  "val_mae": 0.03121771849691868,
  "val_rmse": 0.04082072305701011,
  "val_directional_accuracy": 0.5325,
  "val_directional_baseline_accuracy": 0.5475,
  "val_directional_lift": -0.015000000000000013,
  "val_correlation": 0.2747125352986434,
  "val_prediction_mean": 0.011789360083639622,
  "val_prediction_std": 0.010775222443044186,
  "selection_score": 0.0476763025400452,
  "epochs_ran": 19,
  "trial": 12,
  "seconds": 26.096
}
[tune_gru] final test metrics:
{
  "mae": 0.050221096724271774,
  "rmse": 0.06801938248299703,
  "directional_accuracy": 0.3142857142857143,
  "directional_baseline_accuracy": 0.5025210084033613,
  "directional_lift": -0.18823529411764706,
  "correlation": -0.16866542038995705,
  "prediction_mean": 0.01473950780928135,
  "prediction_std": 0.00837528146803379
}
[tune_gru] wrote reports\final\gru_combined_tuned_2020-01-01_to_2022-02-28_v4_purged_rawtech_labeled_sentiment_search.csv
[tune_gru] wrote reports\final\gru_combined_tuned_2020-01-01_to_2022-02-28_v4_purged_rawtech_labeled_sentiment_best.json
[tune_gru] wrote reports\final\gru_combined_tuned_2020-01-01_to_2022-02-28_v4_purged_rawtech_labeled_sentiment_predictions.csv
[tune_gru] wrote model_checkpoints\final\gru_combined_tuned_2020-01-01_to_2022-02-28_v4_purged_rawtech_labeled_sentiment_best.pt
