[subset_tune] model=gru features=technical_only device=cpu trials=60
[subset_tune] trial=001/060 score=0.053249 val_mae=0.033217 val_rmse=0.043683 val_dir=0.4075 epochs=33 best=0.053249
[subset_tune] trial=002/060 score=0.051478 val_mae=0.032476 val_rmse=0.042706 val_dir=0.4275 epochs=22 best=0.051478
[subset_tune] trial=003/060 score=0.053358 val_mae=0.032396 val_rmse=0.043613 val_dir=0.3475 epochs=25 best=0.051478
[subset_tune] trial=004/060 score=0.051918 val_mae=0.032453 val_rmse=0.043224 val_dir=0.4675 epochs=26 best=0.051478
[subset_tune] trial=005/060 score=0.057261 val_mae=0.031190 val_rmse=0.041361 val_dir=0.4750 epochs=11 best=0.051478
[subset_tune] trial=006/060 score=0.057761 val_mae=0.031511 val_rmse=0.042015 val_dir=0.4650 epochs=31 best=0.051478
[subset_tune] trial=007/060 score=0.051475 val_mae=0.033210 val_rmse=0.042950 val_dir=0.4800 epochs=30 best=0.051475
[subset_tune] trial=008/060 score=0.051246 val_mae=0.032754 val_rmse=0.042576 val_dir=0.4550 epochs=19 best=0.051246
[subset_tune] trial=009/060 score=0.052464 val_mae=0.032552 val_rmse=0.043427 val_dir=0.4250 epochs=23 best=0.051246
[subset_tune] trial=010/060 score=0.052151 val_mae=0.032862 val_rmse=0.042873 val_dir=0.3950 epochs=22 best=0.051246
[subset_tune] trial=011/060 score=0.052165 val_mae=0.032791 val_rmse=0.043398 val_dir=0.4750 epochs=20 best=0.051246
[subset_tune] trial=012/060 score=0.050909 val_mae=0.033152 val_rmse=0.042628 val_dir=0.5050 epochs=65 best=0.050909
[subset_tune] trial=013/060 score=0.051009 val_mae=0.031915 val_rmse=0.042206 val_dir=0.4725 epochs=24 best=0.050909
[subset_tune] trial=014/060 score=0.053693 val_mae=0.033619 val_rmse=0.044098 val_dir=0.4200 epochs=17 best=0.050909
[subset_tune] trial=015/060 score=0.053451 val_mae=0.033450 val_rmse=0.044095 val_dir=0.4550 epochs=80 best=0.050909
[subset_tune] trial=016/060 score=0.068025 val_mae=0.031415 val_rmse=0.041827 val_dir=0.5475 epochs=34 best=0.050909
[subset_tune] trial=017/060 score=0.050680 val_mae=0.032088 val_rmse=0.042668 val_dir=0.4975 epochs=32 best=0.050680
[subset_tune] trial=018/060 score=0.055567 val_mae=0.033796 val_rmse=0.044638 val_dir=0.3075 epochs=51 best=0.050680
[subset_tune] trial=019/060 score=0.051369 val_mae=0.032889 val_rmse=0.043026 val_dir=0.5050 epochs=45 best=0.050680
[subset_tune] trial=020/060 score=0.050602 val_mae=0.032003 val_rmse=0.042152 val_dir=0.4375 epochs=23 best=0.050602
[subset_tune] trial=021/060 score=0.050314 val_mae=0.031762 val_rmse=0.041825 val_dir=0.4125 epochs=26 best=0.050314
[subset_tune] trial=022/060 score=0.049933 val_mae=0.031857 val_rmse=0.042012 val_dir=0.4875 epochs=61 best=0.049933
[subset_tune] trial=023/060 score=0.065508 val_mae=0.032629 val_rmse=0.042836 val_dir=0.5475 epochs=18 best=0.049933
[subset_tune] trial=024/060 score=0.050268 val_mae=0.032689 val_rmse=0.042627 val_dir=0.5475 epochs=32 best=0.049933
[subset_tune] trial=025/060 score=0.049164 val_mae=0.031657 val_rmse=0.041642 val_dir=0.5075 epochs=47 best=0.049164
[subset_tune] trial=026/060 score=0.061902 val_mae=0.031670 val_rmse=0.042116 val_dir=0.5350 epochs=72 best=0.049164
[subset_tune] trial=027/060 score=0.051635 val_mae=0.032301 val_rmse=0.042949 val_dir=0.4575 epochs=32 best=0.049164
[subset_tune] trial=028/060 score=0.051672 val_mae=0.032416 val_rmse=0.042756 val_dir=0.4125 epochs=24 best=0.049164
[subset_tune] trial=029/060 score=0.052045 val_mae=0.031133 val_rmse=0.041750 val_dir=0.4350 epochs=13 best=0.049164
[subset_tune] trial=030/060 score=0.051149 val_mae=0.032643 val_rmse=0.042504 val_dir=0.4525 epochs=80 best=0.049164
[subset_tune] trial=031/060 score=0.051069 val_mae=0.032507 val_rmse=0.042757 val_dir=0.4875 epochs=28 best=0.049164
[subset_tune] trial=032/060 score=0.053229 val_mae=0.032287 val_rmse=0.042583 val_dir=0.5075 epochs=28 best=0.049164
[subset_tune] trial=033/060 score=0.049885 val_mae=0.031914 val_rmse=0.041810 val_dir=0.4575 epochs=26 best=0.049164
[subset_tune] trial=034/060 score=0.051796 val_mae=0.033001 val_rmse=0.043336 val_dir=0.5000 epochs=30 best=0.049164
[subset_tune] trial=035/060 score=0.052610 val_mae=0.032920 val_rmse=0.043519 val_dir=0.4550 epochs=28 best=0.049164
[subset_tune] trial=036/060 score=0.061500 val_mae=0.032198 val_rmse=0.042938 val_dir=0.4400 epochs=12 best=0.049164
[subset_tune] trial=037/060 score=0.065818 val_mae=0.031816 val_rmse=0.042198 val_dir=0.4875 epochs=34 best=0.049164
[subset_tune] trial=038/060 score=0.052394 val_mae=0.033320 val_rmse=0.043876 val_dir=0.5275 epochs=15 best=0.049164
[subset_tune] trial=039/060 score=0.053594 val_mae=0.033792 val_rmse=0.043920 val_dir=0.4275 epochs=29 best=0.049164
[subset_tune] trial=040/060 score=0.053020 val_mae=0.033358 val_rmse=0.043594 val_dir=0.4275 epochs=16 best=0.049164
[subset_tune] trial=041/060 score=0.064550 val_mae=0.031204 val_rmse=0.041504 val_dir=0.5325 epochs=21 best=0.049164
[subset_tune] trial=042/060 score=0.052215 val_mae=0.032285 val_rmse=0.042874 val_dir=0.3725 epochs=24 best=0.049164
[subset_tune] trial=043/060 score=0.051017 val_mae=0.032369 val_rmse=0.042497 val_dir=0.4425 epochs=63 best=0.049164
[subset_tune] trial=044/060 score=0.053116 val_mae=0.032022 val_rmse=0.042096 val_dir=0.4325 epochs=20 best=0.049164
[subset_tune] trial=045/060 score=0.064423 val_mae=0.032255 val_rmse=0.042723 val_dir=0.4400 epochs=49 best=0.049164
[subset_tune] trial=046/060 score=0.054512 val_mae=0.031349 val_rmse=0.041791 val_dir=0.4625 epochs=80 best=0.049164
[subset_tune] trial=047/060 score=0.052151 val_mae=0.032854 val_rmse=0.043420 val_dir=0.4825 epochs=74 best=0.049164
[subset_tune] trial=048/060 score=0.052522 val_mae=0.032789 val_rmse=0.043077 val_dir=0.3975 epochs=31 best=0.049164
[subset_tune] trial=049/060 score=0.051814 val_mae=0.032418 val_rmse=0.043018 val_dir=0.4475 epochs=23 best=0.049164
[subset_tune] trial=050/060 score=0.057904 val_mae=0.031493 val_rmse=0.041806 val_dir=0.4900 epochs=80 best=0.049164
[subset_tune] trial=051/060 score=0.052504 val_mae=0.032998 val_rmse=0.043415 val_dir=0.4450 epochs=22 best=0.049164
[subset_tune] trial=052/060 score=0.049305 val_mae=0.031533 val_rmse=0.041554 val_dir=0.4775 epochs=17 best=0.049164
[subset_tune] trial=053/060 score=0.054540 val_mae=0.034397 val_rmse=0.044649 val_dir=0.4325 epochs=18 best=0.049164
[subset_tune] trial=054/060 score=0.054495 val_mae=0.033574 val_rmse=0.044037 val_dir=0.3425 epochs=29 best=0.049164
[subset_tune] trial=055/060 score=0.053045 val_mae=0.033348 val_rmse=0.043625 val_dir=0.4350 epochs=33 best=0.049164
[subset_tune] trial=056/060 score=0.052090 val_mae=0.032865 val_rmse=0.043737 val_dir=0.5325 epochs=31 best=0.049164
[subset_tune] trial=057/060 score=0.051028 val_mae=0.032379 val_rmse=0.042729 val_dir=0.5325 epochs=18 best=0.049164
[subset_tune] trial=058/060 score=0.072029 val_mae=0.032577 val_rmse=0.043017 val_dir=0.5125 epochs=11 best=0.049164
[subset_tune] trial=059/060 score=0.069772 val_mae=0.031519 val_rmse=0.041941 val_dir=0.5475 epochs=32 best=0.049164
[subset_tune] trial=060/060 score=0.050606 val_mae=0.031835 val_rmse=0.041916 val_dir=0.4050 epochs=22 best=0.049164
[subset_tune] best validation config:
{
  "sequence_length": 10,
  "include_current_row": true,
  "hidden_size": 24,
  "num_layers": 3,
  "classifier_hidden": 32,
  "head_layers": 2,
  "bidirectional": false,
  "gru_dropout": 0.0,
  "fc_dropout": 0.1,
  "activation_name": "tanh",
  "pooling_name": "last",
  "use_layer_norm": false,
  "gru_bias": true,
  "learning_rate": 0.0001,
  "weight_decay": 0.0,
  "batch_size": 16,
  "loss_name": "mse",
  "smooth_l1_beta": 0.05,
  "optimizer_name": "adamw",
  "gradient_clip": 0.5,
  "scale_target": true,
  "seed": 42,
  "val_mae": 0.031657468527555466,
  "val_rmse": 0.0416421704940379,
  "val_directional_accuracy": 0.5075,
  "val_directional_baseline_accuracy": 0.5475,
  "val_directional_lift": -0.040000000000000036,
  "val_correlation": 0.20477066164094726,
  "val_prediction_mean": 0.01374747883528471,
  "val_prediction_std": 0.009991226717829704,
  "selection_score": 0.04916377482587386,
  "epochs_ran": 47,
  "trial": 25,
  "seconds": 96.815
}
[subset_tune] final test metrics:
{
  "mae": 0.050025228410959244,
  "rmse": 0.06811150161195569,
  "directional_accuracy": 0.3680672268907563,
  "directional_baseline_accuracy": 0.5025210084033613,
  "directional_lift": -0.134453781512605,
  "correlation": -0.05126378097399257,
  "prediction_mean": 0.0157528854906559,
  "prediction_std": 0.012140210717916489
}
[subset_tune] wrote reports\final\gru_technical_only_tuned_2020-01-01_to_2022-02-28_v5_purged_warmtech_finbert_sentiment_search.csv
[subset_tune] wrote reports\final\gru_technical_only_tuned_2020-01-01_to_2022-02-28_v5_purged_warmtech_finbert_sentiment_best.json
[subset_tune] wrote reports\final\gru_technical_only_tuned_2020-01-01_to_2022-02-28_v5_purged_warmtech_finbert_sentiment_predictions.csv
[subset_tune] wrote model_checkpoints\final\gru_technical_only_tuned_2020-01-01_to_2022-02-28_v5_purged_warmtech_finbert_sentiment_best.pt
