[subset_tune] model=gru features=technical_only device=cpu trials=60
[subset_tune] trial=001/060 score=0.038924 val_mae=0.014119 val_rmse=0.018819 val_dir=0.3238 epochs=60 best=0.038924
[subset_tune] trial=002/060 score=0.041184 val_mae=0.013783 val_rmse=0.018698 val_dir=0.3000 epochs=21 best=0.038924
[subset_tune] trial=003/060 score=0.049647 val_mae=0.013748 val_rmse=0.018492 val_dir=0.2762 epochs=12 best=0.038924
[subset_tune] trial=004/060 score=0.038289 val_mae=0.013887 val_rmse=0.018959 val_dir=0.3071 epochs=43 best=0.038289
[subset_tune] trial=005/060 score=0.043214 val_mae=0.014098 val_rmse=0.018848 val_dir=0.3000 epochs=12 best=0.038289
[subset_tune] trial=006/060 score=0.044611 val_mae=0.013656 val_rmse=0.018421 val_dir=0.3190 epochs=29 best=0.038289
[subset_tune] trial=007/060 score=0.026057 val_mae=0.015473 val_rmse=0.021456 val_dir=0.3357 epochs=49 best=0.026057
[subset_tune] trial=008/060 score=0.050937 val_mae=0.013717 val_rmse=0.018366 val_dir=0.2690 epochs=11 best=0.026057
[subset_tune] trial=009/060 score=0.037406 val_mae=0.013908 val_rmse=0.018691 val_dir=0.3262 epochs=40 best=0.026057
[subset_tune] trial=010/060 score=0.032274 val_mae=0.014857 val_rmse=0.019579 val_dir=0.3667 epochs=58 best=0.026057
[subset_tune] trial=011/060 score=0.048443 val_mae=0.013649 val_rmse=0.018325 val_dir=0.3095 epochs=12 best=0.026057
[subset_tune] trial=012/060 score=0.048829 val_mae=0.013787 val_rmse=0.018406 val_dir=0.2952 epochs=16 best=0.026057
[subset_tune] trial=013/060 score=0.035657 val_mae=0.014293 val_rmse=0.019416 val_dir=0.3143 epochs=80 best=0.026057
[subset_tune] trial=014/060 score=0.025270 val_mae=0.015137 val_rmse=0.020890 val_dir=0.3238 epochs=41 best=0.025270
[subset_tune] trial=015/060 score=0.049994 val_mae=0.013761 val_rmse=0.018342 val_dir=0.2857 epochs=14 best=0.025270
[subset_tune] trial=016/060 score=0.050387 val_mae=0.013762 val_rmse=0.018381 val_dir=0.2929 epochs=30 best=0.025270
[subset_tune] trial=017/060 score=0.038432 val_mae=0.013941 val_rmse=0.018701 val_dir=0.3143 epochs=55 best=0.025270
[subset_tune] trial=018/060 score=0.047623 val_mae=0.013666 val_rmse=0.018305 val_dir=0.2786 epochs=11 best=0.025270
[subset_tune] trial=019/060 score=0.048449 val_mae=0.013880 val_rmse=0.018396 val_dir=0.3167 epochs=12 best=0.025270
[subset_tune] trial=020/060 score=0.026692 val_mae=0.014806 val_rmse=0.019758 val_dir=0.3143 epochs=79 best=0.025270
[subset_tune] trial=021/060 score=0.031395 val_mae=0.014386 val_rmse=0.019106 val_dir=0.3143 epochs=67 best=0.025270
[subset_tune] trial=022/060 score=0.043401 val_mae=0.013764 val_rmse=0.018436 val_dir=0.3048 epochs=80 best=0.025270
[subset_tune] trial=023/060 score=0.051334 val_mae=0.013623 val_rmse=0.018294 val_dir=0.2690 epochs=11 best=0.025270
[subset_tune] trial=024/060 score=0.050717 val_mae=0.014145 val_rmse=0.018637 val_dir=0.4000 epochs=11 best=0.025270
[subset_tune] trial=025/060 score=0.048955 val_mae=0.013650 val_rmse=0.018247 val_dir=0.2857 epochs=33 best=0.025270
[subset_tune] trial=026/060 score=0.051797 val_mae=0.014052 val_rmse=0.018567 val_dir=0.3500 epochs=11 best=0.025270
[subset_tune] trial=027/060 score=0.031840 val_mae=0.015008 val_rmse=0.020087 val_dir=0.3429 epochs=80 best=0.025270
[subset_tune] trial=028/060 score=0.024994 val_mae=0.014977 val_rmse=0.020655 val_dir=0.3286 epochs=72 best=0.024994
[subset_tune] trial=029/060 score=0.037613 val_mae=0.014971 val_rmse=0.019822 val_dir=0.2929 epochs=11 best=0.024994
[subset_tune] trial=030/060 score=0.049852 val_mae=0.013776 val_rmse=0.018522 val_dir=0.2690 epochs=11 best=0.024994
[subset_tune] trial=031/060 score=0.042428 val_mae=0.013906 val_rmse=0.018659 val_dir=0.3095 epochs=20 best=0.024994
[subset_tune] trial=032/060 score=0.036922 val_mae=0.013727 val_rmse=0.018725 val_dir=0.3024 epochs=65 best=0.024994
[subset_tune] trial=033/060 score=0.038265 val_mae=0.013991 val_rmse=0.018681 val_dir=0.3214 epochs=66 best=0.024994
[subset_tune] trial=034/060 score=0.036744 val_mae=0.013902 val_rmse=0.018567 val_dir=0.3095 epochs=62 best=0.024994
[subset_tune] trial=035/060 score=0.036013 val_mae=0.013866 val_rmse=0.019147 val_dir=0.3262 epochs=51 best=0.024994
[subset_tune] trial=036/060 score=0.045052 val_mae=0.013901 val_rmse=0.018806 val_dir=0.2929 epochs=19 best=0.024994
[subset_tune] trial=037/060 score=0.049906 val_mae=0.013735 val_rmse=0.018506 val_dir=0.2690 epochs=11 best=0.024994
[subset_tune] trial=038/060 score=0.025069 val_mae=0.015663 val_rmse=0.020544 val_dir=0.3190 epochs=44 best=0.024994
[subset_tune] trial=039/060 score=0.048574 val_mae=0.013719 val_rmse=0.018283 val_dir=0.3167 epochs=19 best=0.024994
[subset_tune] trial=040/060 score=0.025506 val_mae=0.015169 val_rmse=0.021093 val_dir=0.3405 epochs=61 best=0.024994
[subset_tune] trial=041/060 score=0.044531 val_mae=0.013774 val_rmse=0.018458 val_dir=0.2976 epochs=80 best=0.024994
[subset_tune] trial=042/060 score=0.048972 val_mae=0.013885 val_rmse=0.018453 val_dir=0.3238 epochs=17 best=0.024994
[subset_tune] trial=043/060 score=0.047876 val_mae=0.013702 val_rmse=0.018391 val_dir=0.2762 epochs=48 best=0.024994
[subset_tune] trial=044/060 score=0.049218 val_mae=0.013647 val_rmse=0.018294 val_dir=0.2810 epochs=34 best=0.024994
[subset_tune] trial=045/060 score=0.048997 val_mae=0.013810 val_rmse=0.018473 val_dir=0.2905 epochs=15 best=0.024994
[subset_tune] trial=046/060 score=0.047814 val_mae=0.013592 val_rmse=0.018333 val_dir=0.2833 epochs=80 best=0.024994
[subset_tune] trial=047/060 score=0.041808 val_mae=0.013819 val_rmse=0.018628 val_dir=0.2976 epochs=80 best=0.024994
[subset_tune] trial=048/060 score=0.046833 val_mae=0.013787 val_rmse=0.018478 val_dir=0.3048 epochs=23 best=0.024994
[subset_tune] trial=049/060 score=0.032381 val_mae=0.014141 val_rmse=0.019094 val_dir=0.3262 epochs=54 best=0.024994
[subset_tune] trial=050/060 score=0.044062 val_mae=0.013746 val_rmse=0.018506 val_dir=0.3000 epochs=80 best=0.024994
[subset_tune] trial=051/060 score=0.046470 val_mae=0.013732 val_rmse=0.018441 val_dir=0.2786 epochs=12 best=0.024994
[subset_tune] trial=052/060 score=0.034838 val_mae=0.013993 val_rmse=0.019031 val_dir=0.3143 epochs=42 best=0.024994
[subset_tune] trial=053/060 score=0.049194 val_mae=0.013855 val_rmse=0.018716 val_dir=0.2690 epochs=11 best=0.024994
[subset_tune] trial=054/060 score=0.037442 val_mae=0.013771 val_rmse=0.018635 val_dir=0.3190 epochs=53 best=0.024994
[subset_tune] trial=055/060 score=0.038166 val_mae=0.013734 val_rmse=0.018955 val_dir=0.3095 epochs=58 best=0.024994
[subset_tune] trial=056/060 score=0.041476 val_mae=0.013846 val_rmse=0.018710 val_dir=0.3071 epochs=28 best=0.024994
[subset_tune] trial=057/060 score=0.038376 val_mae=0.013879 val_rmse=0.018513 val_dir=0.3095 epochs=23 best=0.024994
[subset_tune] trial=058/060 score=0.048645 val_mae=0.013723 val_rmse=0.018488 val_dir=0.2690 epochs=11 best=0.024994
[subset_tune] trial=059/060 score=0.049991 val_mae=0.013601 val_rmse=0.018294 val_dir=0.2714 epochs=41 best=0.024994
[subset_tune] trial=060/060 score=0.027711 val_mae=0.014442 val_rmse=0.019670 val_dir=0.3286 epochs=61 best=0.024994
[subset_tune] best validation config:
{
  "sequence_length": 10,
  "include_current_row": true,
  "hidden_size": 48,
  "num_layers": 3,
  "classifier_hidden": 32,
  "head_layers": 1,
  "bidirectional": false,
  "gru_dropout": 0.0,
  "fc_dropout": 0.3,
  "activation_name": "relu",
  "pooling_name": "last_mean",
  "use_layer_norm": false,
  "gru_bias": true,
  "learning_rate": 0.001,
  "weight_decay": 1e-06,
  "batch_size": 64,
  "loss_name": "mae",
  "smooth_l1_beta": 0.05,
  "optimizer_name": "adamw",
  "gradient_clip": 0.5,
  "scale_target": true,
  "seed": 42,
  "val_mae": 0.01497718971222639,
  "val_rmse": 0.02065480789043901,
  "val_directional_accuracy": 0.32857142857142857,
  "val_directional_baseline_accuracy": 0.4,
  "val_directional_lift": -0.07142857142857145,
  "val_correlation": 0.029737273942231402,
  "val_prediction_mean": 0.0029869405552744865,
  "val_prediction_std": 0.010056368075311184,
  "selection_score": 0.0249944419370124,
  "epochs_ran": 72,
  "trial": 28,
  "seconds": 43.731
}
[subset_tune] final test metrics:
{
  "mae": 0.02499147690832615,
  "rmse": 0.03745480281083948,
  "directional_accuracy": 0.34471544715447155,
  "directional_baseline_accuracy": 0.3934959349593496,
  "directional_lift": -0.04878048780487804,
  "correlation": -0.0026588947729474233,
  "prediction_mean": 0.0070206946693360806,
  "prediction_std": 0.02108251303434372
}
[subset_tune] wrote reports\final\gru_technical_only_tuned_2020-01-01_to_2022-02-28_v6_1d_purged_warmtech_finetuned_finbert_sentiment_sidequest_search.csv
[subset_tune] wrote reports\final\gru_technical_only_tuned_2020-01-01_to_2022-02-28_v6_1d_purged_warmtech_finetuned_finbert_sentiment_sidequest_best.json
[subset_tune] wrote reports\final\gru_technical_only_tuned_2020-01-01_to_2022-02-28_v6_1d_purged_warmtech_finetuned_finbert_sentiment_sidequest_predictions.csv
[subset_tune] wrote model_checkpoints\final\gru_technical_only_tuned_2020-01-01_to_2022-02-28_v6_1d_purged_warmtech_finetuned_finbert_sentiment_sidequest_best.pt
